<?xml version="1.0" encoding="UTF-8"?>
<!-- Generated by org.testng.reporters.JUnitReportReporter -->
<testsuite hostname="DESKTOP-99UMOTF" failures="0" tests="1" name="Testng" time="0.013" errors="0" timestamp="2024-02-28T20:36:23 COT" skipped="0">
  <testcase classname="Testng" name="demo" time="0.013"/>
</testsuite> <!-- Testng -->
